00:10:24,614 ERROR FileReaderImpl:124 - File G:\my\ash_db\res\dansers.xlsxnot found
00:10:24,619  INFO RunClass:39 - fuck up
java.lang.Exception: File G:\my\ash_db\res\dansers.xlsxnot found
	at aorlov.ashdb.filereader.FileReaderImplOld.getInputStream(FileReaderImpl.java:125)
	at aorlov.ashdb.filereader.FileReaderImplOld.getSheet(FileReaderImpl.java:26)
	at aorlov.ashdb.filereader.FileReaderImplOld.testRead(FileReaderImpl.java:70)
	at aorlov.RunClass.main(RunClass.java:34)
	at sun.reflect.NativeMethodAccessorImpl.invoke0(Native Method)
	at sun.reflect.NativeMethodAccessorImpl.invoke(NativeMethodAccessorImpl.java:57)
	at sun.reflect.DelegatingMethodAccessorImpl.invoke(DelegatingMethodAccessorImpl.java:43)
	at java.lang.reflect.Method.invoke(Method.java:601)
	at com.intellij.rt.execution.application.AppMain.main(AppMain.java:120)
00:25:30,481  INFO RunClass:36 - Personal Code [1]Name [Константин]Last name [Мордасов]Family name [null]Gender [M]Current Class [B]club [самост.]Reg.Date [Mon Jan 01 00:00:00 MSK 2001]
00:25:30,513  INFO RunClass:36 - Personal Code [4]Name [Михаил]Last name [Жиров]Family name [null]Gender [M]Current Class [B]club [В-12]Reg.Date [Mon Jan 01 00:00:00 MSK 2001]
00:25:30,513  INFO RunClass:36 - Personal Code [16]Name [Кирилл]Last name [Басургин]Family name [null]Gender [M]Current Class [B]club [N-Club]Reg.Date [Mon Jan 01 00:00:00 MSK 2001]
00:25:30,514  INFO RunClass:36 - Personal Code [28]Name [Леонид]Last name [Пантелеев]Family name [Игоревич]Gender [M]Current Class [A]club [Остров,Vesta]Reg.Date [Mon Jan 01 00:00:00 MSK 2001]
00:25:30,514  INFO RunClass:36 - Personal Code [41]Name [Артём]Last name [Вишенин]Family name [Александрович]Gender [M]Current Class [A]club [Reverie Dance]Reg.Date [Mon Jan 01 00:00:00 MSK 2001]
00:25:30,514  INFO RunClass:36 - Personal Code [51]Name [Евгений]Last name [Васильев]Family name [null]Gender [M]Current Class [C]club [Экспромт]Reg.Date [Mon Jan 01 00:00:00 MSK 2001]
00:25:30,514  INFO RunClass:36 - Personal Code [55]Name [Максим]Last name [Пантелеев]Family name [null]Gender [M]Current Class [C]club [самост.]Reg.Date [Mon Jan 01 00:00:00 MSK 2001]
00:25:30,515  INFO RunClass:36 - Personal Code [71]Name [Евгений]Last name [Галактионов]Family name [null]Gender [M]Current Class [C]club [N-Club]Reg.Date [Mon Jan 01 00:00:00 MSK 2001]
00:25:30,515  INFO RunClass:36 - Personal Code [75]Name [Пётр]Last name [Базанов]Family name [null]Gender [M]Current Class [C]club [Центральный]Reg.Date [Mon Jan 01 00:00:00 MSK 2001]
00:25:30,515  INFO RunClass:36 - Personal Code [76]Name [Евгений]Last name [Данилов]Family name [Андреевич]Gender [M]Current Class [A]club [Nova Dance Studio]Reg.Date [Mon Jan 01 00:00:00 MSK 2001]
00:25:30,515  INFO RunClass:36 - Personal Code [78]Name [Андрей]Last name [Коньков]Family name [Николаевич]Gender [M]Current Class [A]club [Движение]Reg.Date [Mon Jan 01 00:00:00 MSK 2001]
00:25:30,515  INFO RunClass:36 - Personal Code [81]Name [Алексей]Last name [Чернов]Family name [null]Gender [M]Current Class [C]club [ДАРР (г.Иваново)]Reg.Date [Mon Jan 01 00:00:00 MSK 2001]
00:59:27,464  INFO RunClass:32 - ID [0]name [Caminito]country [null]city [СПб]Web-site [null]
00:59:27,537  INFO RunClass:32 - ID [0]name [Tanto]country [null]city [null]Web-site [null]
00:59:27,538  INFO RunClass:32 - ID [0]name [YouDance]country [null]city [null]Web-site [null]
00:59:27,538  INFO RunClass:32 - ID [0]name [DanceStyle]country [null]city [null]Web-site [null]
00:59:27,538  INFO RunClass:32 - ID [0]name [Open Dance Studio]country [null]city [null]Web-site [null]
00:59:27,538  INFO RunClass:32 - ID [0]name [RedHop]country [null]city [null]Web-site [null]
00:59:27,538  INFO RunClass:32 - ID [0]name [AltroOne]country [null]city [null]Web-site [null]
00:59:27,539  INFO RunClass:32 - ID [0]name [СХК]country [null]city [null]Web-site [null]
00:59:27,539  INFO RunClass:32 - ID [0]name [DANCE PASSION]country [null]city [Новосибирск]Web-site [null]
00:59:27,539  INFO RunClass:32 - ID [0]name [Профи-Данс]country [null]city [null]Web-site [null]
00:59:27,539  INFO RunClass:32 - ID [0]name [КуБа]country [null]city [СПб]Web-site [null]
00:59:27,539  INFO RunClass:32 - ID [0]name [Бродвей]country [null]city [Красноярск]Web-site [null]
00:59:27,541  INFO RunClass:32 - ID [0]name [Танцующий город]country [null]city [Ростов-на-Дону]Web-site [null]
00:59:27,541  INFO RunClass:32 - ID [0]name [Ритм]country [null]city [null]Web-site [null]
00:59:27,541  INFO RunClass:32 - ID [0]name [Академия Танца]country [null]city [Саратов]Web-site [null]
00:59:27,541  INFO RunClass:32 - ID [0]name [Фиеста]country [null]city [Томск]Web-site [null]
00:59:27,541  INFO RunClass:32 - ID [0]name [Мегаполис]country [null]city [null]Web-site [null]
00:59:27,542  INFO RunClass:32 - ID [0]name [Baila&Dance]country [null]city [Красноярск]Web-site [null]
00:59:27,542  INFO RunClass:32 - ID [0]name [LaVida]country [null]city [Железногорск]Web-site [null]
00:59:27,542  INFO RunClass:32 - ID [0]name [U'Piter]country [null]city [СПб]Web-site [null]
00:59:27,542  INFO RunClass:32 - ID [0]name [ТВИКS]country [null]city [null]Web-site [null]
00:59:27,542  INFO RunClass:32 - ID [0]name [Let's DANCE]country [null]city [Саратов]Web-site [null]
00:59:27,543  INFO RunClass:32 - ID [0]name [самост.]country [null]city [null]Web-site [null]
00:59:27,543  INFO RunClass:32 - ID [0]name [Dance Drive]country [null]city [СПб]Web-site [null]
00:59:27,543  INFO RunClass:32 - ID [0]name [Street Emotion]country [null]city [Ростов-на-Дону]Web-site [null]
00:59:27,543  INFO RunClass:32 - ID [0]name [Диамант]country [null]city [Тверь]Web-site [null]
00:59:27,544  INFO RunClass:32 - ID [0]name [Just Dance Club]country [null]city [СПб]Web-site [null]
00:59:27,544  INFO RunClass:32 - ID [0]name [Самарский хастл-клуб]country [null]city [null]Web-site [null]
00:59:27,544  INFO RunClass:32 - ID [0]name [Juicy Carrots]country [null]city [Тверь]Web-site [null]
00:59:27,544  INFO RunClass:32 - ID [0]name [Хастл-Эксклюзив]country [null]city [Новокузнецк]Web-site [null]
00:59:27,545  INFO RunClass:32 - ID [0]name [HUSTLE-CLUB SARATOV]country [null]city [Саратов]Web-site [null]
00:59:27,545  INFO RunClass:32 - ID [0]name [Априори]country [null]city [Владивосток]Web-site [null]
00:59:27,545  INFO RunClass:32 - ID [0]name [Движение]country [null]city [null]Web-site [null]
00:59:27,545  INFO RunClass:32 - ID [0]name [Энкор]country [null]city [Выборг]Web-site [null]
00:59:27,546  INFO RunClass:32 - ID [0]name [Орион]country [null]city [null]Web-site [null]
00:59:27,546  INFO RunClass:32 - ID [0]name [Bailaremos]country [null]city [Павлодар]Web-site [null]
00:59:27,546  INFO RunClass:32 - ID [0]name [DanceFirst]country [null]city [null]Web-site [null]
00:59:27,546  INFO RunClass:32 - ID [0]name [Nova Dance Studio]country [null]city [null]Web-site [null]
00:59:27,546  INFO RunClass:32 - ID [0]name [Движение]country [null]city [Кемерово]Web-site [null]
00:59:27,547  INFO RunClass:32 - ID [0]name [Дизайн]country [null]city [null]Web-site [null]
00:59:27,547  INFO RunClass:32 - ID [0]name [Дизайн]country [null]city [Курск]Web-site [null]
00:59:27,547  INFO RunClass:32 - ID [0]name [Jumping Cats]country [null]city [Екатеринбург]Web-site [null]
00:59:27,547  INFO RunClass:32 - ID [0]name [Sergio dance]country [null]city [null]Web-site [null]
00:59:27,547  INFO RunClass:32 - ID [0]name [Sole Dance]country [null]city [Омск]Web-site [null]
00:59:27,548  INFO RunClass:32 - ID [0]name [Лето]country [null]city [СПб]Web-site [null]
00:59:27,548  INFO RunClass:32 - ID [0]name [самост.]country [null]city [Хабаровск]Web-site [null]
00:59:27,549  INFO RunClass:32 - ID [0]name [Визави]country [null]city [null]Web-site [null]
00:59:27,549  INFO RunClass:32 - ID [0]name [Strikly]country [null]city [СПб]Web-site [null]
00:59:27,549  INFO RunClass:32 - ID [0]name [самост.]country [null]city [СПб]Web-site [null]
00:59:27,549  INFO RunClass:32 - ID [0]name [Индиго]country [null]city [null]Web-site [null]
00:59:27,550  INFO RunClass:32 - ID [0]name [Nice Dance]country [null]city [null]Web-site [null]
00:59:27,550  INFO RunClass:32 - ID [0]name [Жерминаль]country [null]city [Клин]Web-site [null]
00:59:27,550  INFO RunClass:32 - ID [0]name [Альтернатива]country [null]city [null]Web-site [null]
00:59:27,550  INFO RunClass:32 - ID [0]name [Sierra Maestra]country [null]city [СПб]Web-site [null]
00:59:27,550  INFO RunClass:32 - ID [0]name [Данцарто]country [null]city [null]Web-site [null]
00:59:27,550  INFO RunClass:32 - ID [0]name [N-Club]country [null]city [null]Web-site [null]
00:59:27,550  INFO RunClass:32 - ID [0]name [Инима]country [null]city [Новокузнецк]Web-site [null]
00:59:27,550  INFO RunClass:32 - ID [0]name [Априори]country [null]city [null]Web-site [null]
00:59:27,551  INFO RunClass:32 - ID [0]name [Profi-Dance]country [null]city [null]Web-site [null]
00:59:27,551  INFO RunClass:32 - ID [0]name [Движение]country [null]city [Новосибирск]Web-site [null]
00:59:27,551  INFO RunClass:32 - ID [0]name [Алекс Хастл-Клуб]country [null]city [null]Web-site [null]
00:59:27,551  INFO RunClass:32 - ID [0]name [Альтернатива]country [null]city [Саратов]Web-site [null]
00:59:27,551  INFO RunClass:32 - ID [0]name [Вираж]country [null]city [Новосибирск]Web-site [null]
00:59:27,551  INFO RunClass:32 - ID [0]name [Casablanca]country [null]city [Ростов-на-Дону]Web-site [null]
00:59:27,551  INFO RunClass:32 - ID [0]name [MixStep]country [null]city [СПб]Web-site [null]
00:59:27,552  INFO RunClass:32 - ID [0]name [студия Александра Красильникова]country [null]city [null]Web-site [null]
00:59:27,552  INFO RunClass:32 - ID [0]name [Ренессанс]country [null]city [Барнаул]Web-site [null]
00:59:27,552  INFO RunClass:32 - ID [0]name [Magma]country [null]city [null]Web-site [null]
00:59:27,552  INFO RunClass:32 - ID [0]name [2H-club]country [null]city [null]Web-site [null]
00:59:27,552  INFO RunClass:32 - ID [0]name [Созвездие]country [null]city [СПб]Web-site [null]
00:59:27,552  INFO RunClass:32 - ID [0]name [Smile]country [null]city [null]Web-site [null]
00:59:27,552  INFO RunClass:32 - ID [0]name [Остров]country [null]city [null]Web-site [null]
00:59:27,552  INFO RunClass:32 - ID [0]name [Движение]country [null]city [Железногорск]Web-site [null]
00:59:27,553  INFO RunClass:32 - ID [0]name [Текила данс]country [null]city [СПб]Web-site [null]
00:59:27,553  INFO RunClass:32 - ID [0]name [Мегаполис]country [null]city [СПб]Web-site [null]
00:59:27,553  INFO RunClass:32 - ID [0]name [Латинский квартал]country [null]city [СПб]Web-site [null]
00:59:27,553  INFO RunClass:32 - ID [0]name [Триумф]country [null]city [СПб]Web-site [null]
00:59:27,553  INFO RunClass:32 - ID [0]name [самост.]country [null]city [Владивосток]Web-site [null]
00:59:27,553  INFO RunClass:32 - ID [0]name [Jam]country [null]city [Санкт-Петербург]Web-site [null]
00:59:27,554  INFO RunClass:32 - ID [0]name [Таурас-Фитнес]country [null]city [СПб]Web-site [null]
00:59:27,554  INFO RunClass:32 - ID [0]name [самост.]country [null]city [Фрязино]Web-site [null]
00:59:27,554  INFO RunClass:32 - ID [0]name [Танденс]country [null]city [СПб]Web-site [null]
00:59:27,554  INFO RunClass:32 - ID [0]name [Динамика]country [null]city [null]Web-site [null]
00:59:27,554  INFO RunClass:32 - ID [0]name [Victory Smile Dance]country [null]city [СПб]Web-site [null]
00:59:27,554  INFO RunClass:32 - ID [0]name [NON-STOP]country [null]city [СПб]Web-site [null]
00:59:27,555  INFO RunClass:32 - ID [0]name [Хастл-сити]country [null]city [Новокузнецк]Web-site [null]
00:59:27,555  INFO RunClass:32 - ID [0]name [Латинский квартал]country [null]city [Новороссийск]Web-site [null]
00:59:27,555  INFO RunClass:32 - ID [0]name [DEF]country [null]city [Барнаул]Web-site [null]
00:59:27,555  INFO RunClass:32 - ID [0]name [Движение]country [null]city [СПб]Web-site [null]
00:59:27,555  INFO RunClass:32 - ID [0]name [Арриба]country [null]city [Саратов]Web-site [null]
00:59:27,555  INFO RunClass:32 - ID [0]name [Элит]country [null]city [СПб]Web-site [null]
00:59:27,555  INFO RunClass:32 - ID [0]name [Dance College Club]country [null]city [null]Web-site [null]
00:59:27,556  INFO RunClass:32 - ID [0]name [S-клуб]country [null]city [null]Web-site [null]
00:59:27,556  INFO RunClass:32 - ID [0]name [ШкоLa Magnit]country [null]city [СПб]Web-site [null]
00:59:27,556  INFO RunClass:32 - ID [0]name [ХК]country [null]city [В.Новгород]Web-site [null]
00:59:27,556  INFO RunClass:32 - ID [0]name [Эксельсиор]country [null]city [null]Web-site [null]
00:59:27,556  INFO RunClass:32 - ID [0]name [ДАРР]country [null]city [Иваново]Web-site [null]
00:59:27,556  INFO RunClass:32 - ID [0]name [Искра]country [null]city [СПб]Web-site [null]
00:59:27,556  INFO RunClass:32 - ID [0]name [Центральный]country [null]city [null]Web-site [null]
00:59:27,557  INFO RunClass:32 - ID [0]name [Хастл-Центр]country [null]city [null]Web-site [null]
00:59:27,557  INFO RunClass:32 - ID [0]name [ТК "Хастл"]country [null]city [Минск]Web-site [null]
00:59:27,557  INFO RunClass:32 - ID [0]name [Джайв-Стрит]country [null]city [СПб]Web-site [null]
00:59:27,557  INFO RunClass:32 - ID [0]name [MMDance]country [null]city [СПб]Web-site [null]
00:59:27,557  INFO RunClass:32 - ID [0]name [В-12]country [null]city [null]Web-site [null]
00:59:27,557  INFO RunClass:32 - ID [0]name [Седьмое Небо]country [null]city [Железногорск]Web-site [null]
00:59:27,557  INFO RunClass:32 - ID [0]name [Универ]country [null]city [В.Новгород]Web-site [null]
00:59:27,558  INFO RunClass:32 - ID [0]name [БиС]country [null]city [null]Web-site [null]
00:59:27,558  INFO RunClass:32 - ID [0]name [ДНК]country [null]city [СПб]Web-site [null]
00:59:27,558  INFO RunClass:32 - ID [0]name [Лариса]country [null]city [Барнаул]Web-site [null]
00:59:27,559  INFO RunClass:32 - ID [0]name [F Club]country [null]city [null]Web-site [null]
00:59:27,559  INFO RunClass:32 - ID [0]name [самост.]country [null]city [В.Новгород]Web-site [null]
00:59:27,559  INFO RunClass:32 - ID [0]name [Импровизация]country [null]city [СПб]Web-site [null]
00:59:27,559  INFO RunClass:32 - ID [0]name [ШТАБ]country [null]city [Минск]Web-site [null]
00:59:27,559  INFO RunClass:32 - ID [0]name [Пульс]country [null]city [null]Web-site [null]
00:59:27,560  INFO RunClass:32 - ID [0]name [Студия Виктории Деминой]country [null]city [null]Web-site [null]
00:59:27,560  INFO RunClass:32 - ID [0]name [LaDanza]country [null]city [null]Web-site [null]
00:59:27,560  INFO RunClass:32 - ID [0]name [Стиль]country [null]city [null]Web-site [null]
00:59:27,560  INFO RunClass:32 - ID [0]name [Find Me-Style]country [null]city [СПб]Web-site [null]
00:59:27,560  INFO RunClass:32 - ID [0]name [Альтернатива]country [null]city [Барнаул]Web-site [null]
00:59:27,560  INFO RunClass:32 - ID [0]name [Германия]country [null]city [null]Web-site [null]
00:59:27,561  INFO RunClass:32 - ID [0]name [Ivara]country [null]city [null]Web-site [null]
00:59:27,561  INFO RunClass:32 - ID [0]name [Импульс]country [null]city [Томск]Web-site [null]
00:59:27,561  INFO RunClass:32 - ID [0]name [самостоятельно]country [null]city [Павлодар]Web-site [null]
00:59:27,561  INFO RunClass:32 - ID [0]name [Богема]country [null]city [null]Web-site [null]
00:59:27,561  INFO RunClass:32 - ID [0]name [Marusya]country [null]city [Ставрополь]Web-site [null]
00:59:27,562  INFO RunClass:32 - ID [0]name [Hostel Hustle]country [null]city [null]Web-site [null]
00:59:27,562  INFO RunClass:32 - ID [0]name [Walzer]country [null]city [null]Web-site [null]
00:59:27,562  INFO RunClass:32 - ID [0]name [Vesta]country [null]city [null]Web-site [null]
00:59:27,562  INFO RunClass:32 - ID [0]name [Тандем]country [null]city [Таганрог]Web-site [null]
00:59:27,562  INFO RunClass:32 - ID [0]name [самост.]country [null]city [Омск]Web-site [null]
00:59:27,563  INFO RunClass:32 - ID [0]name [Master Class]country [null]city [Барнаул]Web-site [null]
00:59:27,563  INFO RunClass:32 - ID [0]name [МЖ]country [null]city [Дубна]Web-site [null]
00:59:27,563  INFO RunClass:32 - ID [0]name [Фиеста]country [null]city [Красноярск]Web-site [null]
00:59:27,564  INFO RunClass:32 - ID [0]name [Джемм]country [null]city [Омск]Web-site [null]
00:59:27,564  INFO RunClass:32 - ID [0]name [Виктория]country [null]city [null]Web-site [null]
00:59:27,564  INFO RunClass:32 - ID [0]name [Альтернатива]country [null]city [Кемерово]Web-site [null]
00:59:27,564  INFO RunClass:32 - ID [0]name [Движение]country [null]city [Красноярск]Web-site [null]
00:59:27,565  INFO RunClass:32 - ID [0]name [Dance Point]country [null]city [СПб]Web-site [null]
00:59:27,565  INFO RunClass:32 - ID [0]name [Emotion]country [null]city [Абакан]Web-site [null]
00:59:27,565  INFO RunClass:32 - ID [0]name [Reverie Dance]country [null]city [null]Web-site [null]
00:59:27,565  INFO RunClass:32 - ID [0]name [Движение]country [null]city [Омск]Web-site [null]
00:59:27,565  INFO RunClass:32 - ID [0]name [самост.]country [null]city [Минск]Web-site [null]
00:59:27,566  INFO RunClass:32 - ID [0]name [AT-Dance]country [null]city [null]Web-site [null]
00:59:27,566  INFO RunClass:32 - ID [0]name [ШТ В.Батия]country [null]city [СПб]Web-site [null]
00:59:27,566  INFO RunClass:32 - ID [0]name [Экспромт]country [null]city [null]Web-site [null]
00:59:27,566  INFO RunClass:32 - ID [0]name [Хастл-клуб]country [null]city [Курск]Web-site [null]
00:59:27,567  INFO RunClass:32 - ID [0]name [Dance Cafe]country [null]city [Минск]Web-site [null]
00:59:27,567  INFO RunClass:32 - ID [0]name [самост.]country [null]city [Барнаул]Web-site [null]
00:59:27,567  INFO RunClass:32 - ID [0]name [Каприз]country [null]city [Энгельс]Web-site [null]
00:59:27,567  INFO RunClass:32 - ID [0]name [Sole Dance]country [null]city [Омск]Web-site [null]
00:59:27,567  INFO RunClass:32 - ID [0]name [Движение]country [null]city [Новокузнецк]Web-site [null]
00:59:27,568  INFO RunClass:32 - ID [0]name [Красный уголок]country [null]city [null]Web-site [null]
00:59:27,568  INFO RunClass:32 - ID [0]name [Спартак]country [null]city [null]Web-site [null]
00:59:27,568  INFO RunClass:32 - ID [0]name [Студия С.Спиридонова]country [null]city [null]Web-site [null]
00:59:27,568  INFO RunClass:32 - ID [0]name [Чердак]country [null]city [Красноярск]Web-site [null]
00:59:27,568  INFO RunClass:32 - ID [0]name [Хастл]country [null]city [Выборг]Web-site [null]
00:59:27,568  INFO RunClass:32 - ID [0]name [Танцевальная мастерская ID]country [null]city [Иваново]Web-site [null]
01:16:12,612  INFO RunClass:44 - fuck up
java.lang.IllegalArgumentException: Sheet index (-1) is out of range (0..2)
	at org.apache.poi.xssf.usermodel.XSSFWorkbook.validateSheetIndex(XSSFWorkbook.java:1043)
	at org.apache.poi.xssf.usermodel.XSSFWorkbook.getSheetAt(XSSFWorkbook.java:834)
	at aorlov.ashdb.filereader.FileReaderHelper.getSheet(FileReaderHelper.java:184)
	at aorlov.ashdb.filereader.FileReaderImpl.getClubs(FileReaderImpl.java:38)
	at aorlov.RunClass.main(RunClass.java:30)
	at sun.reflect.NativeMethodAccessorImpl.invoke0(Native Method)
	at sun.reflect.NativeMethodAccessorImpl.invoke(NativeMethodAccessorImpl.java:57)
	at sun.reflect.DelegatingMethodAccessorImpl.invoke(DelegatingMethodAccessorImpl.java:43)
	at java.lang.reflect.Method.invoke(Method.java:601)
	at com.intellij.rt.execution.application.AppMain.main(AppMain.java:120)
01:17:01,073  INFO RunClass:44 - fuck up
java.lang.IllegalArgumentException: Sheet index (-1) is out of range (0..2)
	at org.apache.poi.xssf.usermodel.XSSFWorkbook.validateSheetIndex(XSSFWorkbook.java:1043)
	at org.apache.poi.xssf.usermodel.XSSFWorkbook.getSheetAt(XSSFWorkbook.java:834)
	at aorlov.ashdb.filereader.FileReaderHelper.getSheet(FileReaderHelper.java:184)
	at aorlov.ashdb.filereader.FileReaderImpl.getClubs(FileReaderImpl.java:38)
	at aorlov.RunClass.main(RunClass.java:30)
	at sun.reflect.NativeMethodAccessorImpl.invoke0(Native Method)
	at sun.reflect.NativeMethodAccessorImpl.invoke(NativeMethodAccessorImpl.java:57)
	at sun.reflect.DelegatingMethodAccessorImpl.invoke(DelegatingMethodAccessorImpl.java:43)
	at java.lang.reflect.Method.invoke(Method.java:601)
	at com.intellij.rt.execution.application.AppMain.main(AppMain.java:120)
01:17:24,367  INFO RunClass:44 - fuck up
java.lang.IllegalArgumentException: Sheet index (-1) is out of range (0..2)
	at org.apache.poi.xssf.usermodel.XSSFWorkbook.validateSheetIndex(XSSFWorkbook.java:1043)
	at org.apache.poi.xssf.usermodel.XSSFWorkbook.getSheetAt(XSSFWorkbook.java:834)
	at aorlov.ashdb.filereader.FileReaderHelper.getSheet(FileReaderHelper.java:184)
	at aorlov.ashdb.filereader.FileReaderImpl.getClubs(FileReaderImpl.java:38)
	at aorlov.RunClass.main(RunClass.java:30)
	at sun.reflect.NativeMethodAccessorImpl.invoke0(Native Method)
	at sun.reflect.NativeMethodAccessorImpl.invoke(NativeMethodAccessorImpl.java:57)
	at sun.reflect.DelegatingMethodAccessorImpl.invoke(DelegatingMethodAccessorImpl.java:43)
	at java.lang.reflect.Method.invoke(Method.java:601)
	at com.intellij.rt.execution.application.AppMain.main(AppMain.java:120)
01:17:41,598  INFO RunClass:44 - fuck up
java.lang.IllegalArgumentException: Sheet index (-1) is out of range (0..2)
	at org.apache.poi.xssf.usermodel.XSSFWorkbook.validateSheetIndex(XSSFWorkbook.java:1043)
	at org.apache.poi.xssf.usermodel.XSSFWorkbook.getSheetAt(XSSFWorkbook.java:834)
	at aorlov.ashdb.filereader.FileReaderHelper.getSheet(FileReaderHelper.java:184)
	at aorlov.ashdb.filereader.FileReaderImpl.getClubs(FileReaderImpl.java:38)
	at aorlov.RunClass.main(RunClass.java:30)
	at sun.reflect.NativeMethodAccessorImpl.invoke0(Native Method)
	at sun.reflect.NativeMethodAccessorImpl.invoke(NativeMethodAccessorImpl.java:57)
	at sun.reflect.DelegatingMethodAccessorImpl.invoke(DelegatingMethodAccessorImpl.java:43)
	at java.lang.reflect.Method.invoke(Method.java:601)
	at com.intellij.rt.execution.application.AppMain.main(AppMain.java:120)
01:30:19,461  INFO RunClass:32 - ID [0]name [Движение]country [null]city [Омск]Web-site [null]
01:30:19,462  INFO RunClass:32 - ID [0]name [F Club]country [null]city [null]Web-site [null]
01:30:19,462  INFO RunClass:32 - ID [0]name [самост.]country [null]city [Омск]Web-site [null]
01:30:19,462  INFO RunClass:32 - ID [0]name [Дизайн]country [null]city [Курск]Web-site [null]
01:30:19,462  INFO RunClass:32 - ID [0]name [Nova Dance Studio]country [null]city [null]Web-site [null]
01:30:19,462  INFO RunClass:32 - ID [0]name [Пульс]country [null]city [null]Web-site [null]
01:30:19,462  INFO RunClass:32 - ID [0]name [Ритм]country [null]city [null]Web-site [null]
01:30:19,463  INFO RunClass:32 - ID [0]name [2H-club]country [null]city [null]Web-site [null]
01:30:19,463  INFO RunClass:32 - ID [0]name [AltroOne]country [null]city [null]Web-site [null]
01:30:19,463  INFO RunClass:32 - ID [0]name [Джайв-Стрит]country [null]city [СПб]Web-site [null]
01:30:19,463  INFO RunClass:32 - ID [0]name [Hostel Hustle]country [null]city [null]Web-site [null]
01:30:19,464  INFO RunClass:32 - ID [0]name [Каприз]country [null]city [Энгельс]Web-site [null]
01:30:19,464  INFO RunClass:32 - ID [0]name [СХК]country [null]city [null]Web-site [null]
01:30:19,464  INFO RunClass:32 - ID [0]name [Find Me-Style]country [null]city [СПб]Web-site [null]
01:30:19,464  INFO RunClass:32 - ID [0]name [КуБа]country [null]city [СПб]Web-site [null]
01:30:19,465  INFO RunClass:32 - ID [0]name [Лариса]country [null]city [Барнаул]Web-site [null]
01:30:19,465  INFO RunClass:32 - ID [0]name [DANCE PASSION]country [null]city [Новосибирск]Web-site [null]
01:30:19,465  INFO RunClass:32 - ID [0]name [Движение]country [null]city [Новокузнецк]Web-site [null]
01:30:19,465  INFO RunClass:32 - ID [0]name [ТК "Хастл"]country [null]city [Минск]Web-site [null]
01:30:19,465  INFO RunClass:32 - ID [0]name [Германия]country [null]city [null]Web-site [null]
01:30:19,465  INFO RunClass:32 - ID [0]name [YouDance]country [null]city [null]Web-site [null]
01:30:19,465  INFO RunClass:32 - ID [0]name [Искра]country [null]city [СПб]Web-site [null]
01:30:19,466  INFO RunClass:32 - ID [0]name [Magma]country [null]city [null]Web-site [null]
01:30:19,466  INFO RunClass:32 - ID [0]name [Априори]country [null]city [Владивосток]Web-site [null]
01:30:19,466  INFO RunClass:32 - ID [0]name [Лето]country [null]city [СПб]Web-site [null]
01:30:19,466  INFO RunClass:32 - ID [0]name [В-12]country [null]city [null]Web-site [null]
01:30:19,466  INFO RunClass:32 - ID [0]name [LaVida]country [null]city [Железногорск]Web-site [null]
01:30:19,466  INFO RunClass:32 - ID [0]name [HUSTLE-CLUB SARATOV]country [null]city [Саратов]Web-site [null]
01:30:19,466  INFO RunClass:32 - ID [0]name [DanceFirst]country [null]city [null]Web-site [null]
01:30:19,467  INFO RunClass:32 - ID [0]name [Marusya]country [null]city [Ставрополь]Web-site [null]
01:30:19,467  INFO RunClass:32 - ID [0]name [Sergio dance]country [null]city [null]Web-site [null]
01:30:19,467  INFO RunClass:32 - ID [0]name [Триумф]country [null]city [СПб]Web-site [null]
01:30:19,467  INFO RunClass:32 - ID [0]name [самост.]country [null]city [Хабаровск]Web-site [null]
01:30:19,469  INFO RunClass:32 - ID [0]name [Master Class]country [null]city [Барнаул]Web-site [null]
01:30:19,469  INFO RunClass:32 - ID [0]name [Strikly]country [null]city [СПб]Web-site [null]
01:30:19,469  INFO RunClass:32 - ID [0]name [Фиеста]country [null]city [Томск]Web-site [null]
01:30:19,469  INFO RunClass:32 - ID [0]name [Центральный]country [null]city [null]Web-site [null]
01:30:19,469  INFO RunClass:32 - ID [0]name [ШкоLa Magnit]country [null]city [СПб]Web-site [null]
01:30:19,470  INFO RunClass:32 - ID [0]name [Nice Dance]country [null]city [null]Web-site [null]
01:30:19,470  INFO RunClass:32 - ID [0]name [Reverie Dance]country [null]city [null]Web-site [null]
01:30:19,470  INFO RunClass:32 - ID [0]name [Танденс]country [null]city [СПб]Web-site [null]
01:30:19,470  INFO RunClass:32 - ID [0]name [самост.]country [null]city [Фрязино]Web-site [null]
01:30:19,470  INFO RunClass:32 - ID [0]name [MixStep]country [null]city [СПб]Web-site [null]
01:30:19,470  INFO RunClass:32 - ID [0]name [Profi-Dance]country [null]city [null]Web-site [null]
01:30:19,470  INFO RunClass:32 - ID [0]name [Индиго]country [null]city [null]Web-site [null]
01:30:19,470  INFO RunClass:32 - ID [0]name [Street Emotion]country [null]city [Ростов-на-Дону]Web-site [null]
01:30:19,471  INFO RunClass:32 - ID [0]name [Tanto]country [null]city [null]Web-site [null]
01:30:19,471  INFO RunClass:32 - ID [0]name [самост.]country [null]city [null]Web-site [null]
01:30:19,471  INFO RunClass:32 - ID [0]name [ТВИКS]country [null]city [null]Web-site [null]
01:30:19,471  INFO RunClass:32 - ID [0]name [ДНК]country [null]city [СПб]Web-site [null]
01:30:19,471  INFO RunClass:32 - ID [0]name [Универ]country [null]city [В.Новгород]Web-site [null]
01:30:19,472  INFO RunClass:32 - ID [0]name [Baila&Dance]country [null]city [Красноярск]Web-site [null]
01:30:19,472  INFO RunClass:32 - ID [0]name [Созвездие]country [null]city [СПб]Web-site [null]
01:30:19,472  INFO RunClass:32 - ID [0]name [Инима]country [null]city [Новокузнецк]Web-site [null]
01:30:19,472  INFO RunClass:32 - ID [0]name [Casablanca]country [null]city [Ростов-на-Дону]Web-site [null]
01:30:19,473  INFO RunClass:32 - ID [0]name [Дизайн]country [null]city [null]Web-site [null]
01:30:19,473  INFO RunClass:32 - ID [0]name [Движение]country [null]city [Кемерово]Web-site [null]
01:30:19,473  INFO RunClass:32 - ID [0]name [Визави]country [null]city [null]Web-site [null]
01:30:19,473  INFO RunClass:32 - ID [0]name [Экспромт]country [null]city [null]Web-site [null]
01:30:19,473  INFO RunClass:32 - ID [0]name [Импульс]country [null]city [Томск]Web-site [null]
01:30:19,474  INFO RunClass:32 - ID [0]name [Dance Cafe]country [null]city [Минск]Web-site [null]
01:30:19,474  INFO RunClass:32 - ID [0]name [Остров]country [null]city [null]Web-site [null]
01:30:19,474  INFO RunClass:32 - ID [0]name [Орион]country [null]city [null]Web-site [null]
01:30:19,474  INFO RunClass:32 - ID [0]name [Виктория]country [null]city [null]Web-site [null]
01:30:19,474  INFO RunClass:32 - ID [0]name [БиС]country [null]city [null]Web-site [null]
01:30:19,474  INFO RunClass:32 - ID [0]name [Стиль]country [null]city [null]Web-site [null]
01:30:19,474  INFO RunClass:32 - ID [0]name [Ренессанс]country [null]city [Барнаул]Web-site [null]
01:30:19,474  INFO RunClass:32 - ID [0]name [Sole Dance]country [null]city [Омск]Web-site [null]
01:30:19,475  INFO RunClass:32 - ID [0]name [Априори]country [null]city [null]Web-site [null]
01:30:19,475  INFO RunClass:32 - ID [0]name [Спартак]country [null]city [null]Web-site [null]
01:30:19,475  INFO RunClass:32 - ID [0]name [самостоятельно]country [null]city [Павлодар]Web-site [null]
01:30:19,475  INFO RunClass:32 - ID [0]name [Smile]country [null]city [null]Web-site [null]
01:30:19,475  INFO RunClass:32 - ID [0]name [Ivara]country [null]city [null]Web-site [null]
01:30:19,475  INFO RunClass:32 - ID [0]name [Вираж]country [null]city [Новосибирск]Web-site [null]
01:30:19,475  INFO RunClass:32 - ID [0]name [U'Piter]country [null]city [СПб]Web-site [null]
01:30:19,475  INFO RunClass:32 - ID [0]name [ШТ В.Батия]country [null]city [СПб]Web-site [null]
01:30:19,476  INFO RunClass:32 - ID [0]name [Бродвей]country [null]city [Красноярск]Web-site [null]
01:30:19,476  INFO RunClass:32 - ID [0]name [Хастл]country [null]city [Выборг]Web-site [null]
01:30:19,476  INFO RunClass:32 - ID [0]name [Мегаполис]country [null]city [null]Web-site [null]
01:30:19,476  INFO RunClass:32 - ID [0]name [ДАРР]country [null]city [Иваново]Web-site [null]
01:30:19,476  INFO RunClass:32 - ID [0]name [Арриба]country [null]city [Саратов]Web-site [null]
01:30:19,476  INFO RunClass:32 - ID [0]name [Джемм]country [null]city [Омск]Web-site [null]
01:30:19,476  INFO RunClass:32 - ID [0]name [Альтернатива]country [null]city [null]Web-site [null]
01:30:19,477  INFO RunClass:32 - ID [0]name [Фиеста]country [null]city [Красноярск]Web-site [null]
01:30:19,477  INFO RunClass:32 - ID [0]name [Хастл-Эксклюзив]country [null]city [Новокузнецк]Web-site [null]
01:30:19,477  INFO RunClass:32 - ID [0]name [Jam]country [null]city [Санкт-Петербург]Web-site [null]
01:30:19,477  INFO RunClass:32 - ID [0]name [Данцарто]country [null]city [null]Web-site [null]
01:30:19,477  INFO RunClass:32 - ID [0]name [Dance College Club]country [null]city [null]Web-site [null]
01:30:19,477  INFO RunClass:32 - ID [0]name [MMDance]country [null]city [СПб]Web-site [null]
01:30:19,477  INFO RunClass:32 - ID [0]name [LaDanza]country [null]city [null]Web-site [null]
01:30:19,477  INFO RunClass:32 - ID [0]name [Студия С.Спиридонова]country [null]city [null]Web-site [null]
01:30:19,478  INFO RunClass:32 - ID [0]name [МЖ]country [null]city [Дубна]Web-site [null]
01:30:19,478  INFO RunClass:32 - ID [0]name [Jumping Cats]country [null]city [Екатеринбург]Web-site [null]
01:30:19,478  INFO RunClass:32 - ID [0]name [самост.]country [null]city [Минск]Web-site [null]
01:30:19,478  INFO RunClass:32 - ID [0]name [Sole Dance]country [null]city [Омск]Web-site [null]
01:30:19,479  INFO RunClass:32 - ID [0]name [Движение]country [null]city [Новосибирск]Web-site [null]
01:30:19,479  INFO RunClass:32 - ID [0]name [Мегаполис]country [null]city [СПб]Web-site [null]
01:30:19,479  INFO RunClass:32 - ID [0]name [Латинский квартал]country [null]city [Новороссийск]Web-site [null]
01:30:19,479  INFO RunClass:32 - ID [0]name [Движение]country [null]city [СПб]Web-site [null]
01:30:19,479  INFO RunClass:32 - ID [0]name [самост.]country [null]city [В.Новгород]Web-site [null]
01:30:19,479  INFO RunClass:32 - ID [0]name [DEF]country [null]city [Барнаул]Web-site [null]
01:30:19,480  INFO RunClass:32 - ID [0]name [Caminito]country [null]city [СПб]Web-site [null]
01:30:19,480  INFO RunClass:32 - ID [0]name [Динамика]country [null]city [null]Web-site [null]
01:30:19,480  INFO RunClass:32 - ID [0]name [AT-Dance]country [null]city [null]Web-site [null]
01:30:19,480  INFO RunClass:32 - ID [0]name [NON-STOP]country [null]city [СПб]Web-site [null]
01:30:19,480  INFO RunClass:32 - ID [0]name [Тандем]country [null]city [Таганрог]Web-site [null]
01:30:19,480  INFO RunClass:32 - ID [0]name [Альтернатива]country [null]city [Саратов]Web-site [null]
01:30:19,481  INFO RunClass:32 - ID [0]name [Энкор]country [null]city [Выборг]Web-site [null]
01:30:19,481  INFO RunClass:32 - ID [0]name [ХК]country [null]city [В.Новгород]Web-site [null]
01:30:19,481  INFO RunClass:32 - ID [0]name [Движение]country [null]city [null]Web-site [null]
01:30:19,481  INFO RunClass:32 - ID [0]name [Богема]country [null]city [null]Web-site [null]
01:30:19,481  INFO RunClass:32 - ID [0]name [Танцевальная мастерская ID]country [null]city [Иваново]Web-site [null]
01:30:19,481  INFO RunClass:32 - ID [0]name [Dance Drive]country [null]city [СПб]Web-site [null]
01:30:19,482  INFO RunClass:32 - ID [0]name [студия Александра Красильникова]country [null]city [null]Web-site [null]
01:30:19,482  INFO RunClass:32 - ID [0]name [Диамант]country [null]city [Тверь]Web-site [null]
01:30:19,482  INFO RunClass:32 - ID [0]name [Профи-Данс]country [null]city [null]Web-site [null]
01:30:19,482  INFO RunClass:32 - ID [0]name [Альтернатива]country [null]city [Барнаул]Web-site [null]
01:30:19,482  INFO RunClass:32 - ID [0]name [Жерминаль]country [null]city [Клин]Web-site [null]
01:30:19,483  INFO RunClass:32 - ID [0]name [Алекс Хастл-Клуб]country [null]city [null]Web-site [null]
01:30:19,483  INFO RunClass:32 - ID [0]name [Sierra Maestra]country [null]city [СПб]Web-site [null]
01:30:19,483  INFO RunClass:32 - ID [0]name [Таурас-Фитнес]country [null]city [СПб]Web-site [null]
01:30:19,483  INFO RunClass:32 - ID [0]name [Walzer]country [null]city [null]Web-site [null]
01:30:19,483  INFO RunClass:32 - ID [0]name [Juicy Carrots]country [null]city [Тверь]Web-site [null]
01:30:19,484  INFO RunClass:32 - ID [0]name [Vesta]country [null]city [null]Web-site [null]
01:30:19,484  INFO RunClass:32 - ID [0]name [Импровизация]country [null]city [СПб]Web-site [null]
01:30:19,484  INFO RunClass:32 - ID [0]name [самост.]country [null]city [Владивосток]Web-site [null]
01:30:19,484  INFO RunClass:32 - ID [0]name [Элит]country [null]city [СПб]Web-site [null]
01:30:19,484  INFO RunClass:32 - ID [0]name [Латинский квартал]country [null]city [СПб]Web-site [null]
01:30:19,485  INFO RunClass:32 - ID [0]name [Студия Виктории Деминой]country [null]city [null]Web-site [null]
01:30:19,485  INFO RunClass:32 - ID [0]name [Красный уголок]country [null]city [null]Web-site [null]
01:30:19,485  INFO RunClass:32 - ID [0]name [самост.]country [null]city [СПб]Web-site [null]
01:30:19,485  INFO RunClass:32 - ID [0]name [S-клуб]country [null]city [null]Web-site [null]
01:30:19,485  INFO RunClass:32 - ID [0]name [Let's DANCE]country [null]city [Саратов]Web-site [null]
01:30:19,486  INFO RunClass:32 - ID [0]name [самост.]country [null]city [Барнаул]Web-site [null]
01:30:19,486  INFO RunClass:32 - ID [0]name [N-Club]country [null]city [null]Web-site [null]
01:30:19,486  INFO RunClass:32 - ID [0]name [Текила данс]country [null]city [СПб]Web-site [null]
01:30:19,486  INFO RunClass:32 - ID [0]name [Академия Танца]country [null]city [Саратов]Web-site [null]
01:30:19,486  INFO RunClass:32 - ID [0]name [Хастл-клуб]country [null]city [Курск]Web-site [null]
01:30:19,487  INFO RunClass:32 - ID [0]name [Самарский хастл-клуб]country [null]city [null]Web-site [null]
01:30:19,487  INFO RunClass:32 - ID [0]name [Хастл-Центр]country [null]city [null]Web-site [null]
01:30:19,487  INFO RunClass:32 - ID [0]name [Движение]country [null]city [Красноярск]Web-site [null]
01:30:19,487  INFO RunClass:32 - ID [0]name [Движение]country [null]city [Железногорск]Web-site [null]
01:30:19,487  INFO RunClass:32 - ID [0]name [Танцующий город]country [null]city [Ростов-на-Дону]Web-site [null]
01:30:19,488  INFO RunClass:32 - ID [0]name [DanceStyle]country [null]city [null]Web-site [null]
01:30:19,488  INFO RunClass:32 - ID [0]name [Just Dance Club]country [null]city [СПб]Web-site [null]
01:30:19,488  INFO RunClass:32 - ID [0]name [Open Dance Studio]country [null]city [null]Web-site [null]
01:30:19,488  INFO RunClass:32 - ID [0]name [Emotion]country [null]city [Абакан]Web-site [null]
01:30:19,488  INFO RunClass:32 - ID [0]name [Dance Point]country [null]city [СПб]Web-site [null]
01:30:19,489  INFO RunClass:32 - ID [0]name [Седьмое Небо]country [null]city [Железногорск]Web-site [null]
01:30:19,489  INFO RunClass:32 - ID [0]name [Эксельсиор]country [null]city [null]Web-site [null]
01:30:19,489  INFO RunClass:32 - ID [0]name [Хастл-сити]country [null]city [Новокузнецк]Web-site [null]
01:30:19,489  INFO RunClass:32 - ID [0]name [Чердак]country [null]city [Красноярск]Web-site [null]
01:30:19,489  INFO RunClass:32 - ID [0]name [Victory Smile Dance]country [null]city [СПб]Web-site [null]
01:30:19,490  INFO RunClass:32 - ID [0]name [Альтернатива]country [null]city [Кемерово]Web-site [null]
01:30:19,490  INFO RunClass:32 - ID [0]name [RedHop]country [null]city [null]Web-site [null]
01:30:19,490  INFO RunClass:32 - ID [0]name [ШТАБ]country [null]city [Минск]Web-site [null]
01:30:19,490  INFO RunClass:32 - ID [0]name [Bailaremos]country [null]city [Павлодар]Web-site [null]
01:50:51,744  INFO RunClass:45 - fuck up
java.lang.IllegalArgumentException: Sheet index (-1) is out of range (0..2)
	at org.apache.poi.xssf.usermodel.XSSFWorkbook.validateSheetIndex(XSSFWorkbook.java:1043)
	at org.apache.poi.xssf.usermodel.XSSFWorkbook.getSheetAt(XSSFWorkbook.java:834)
	at aorlov.ashdb.filereader.FileReaderHelper.getSheet(FileReaderHelper.java:184)
	at aorlov.ashdb.filereader.FileReaderImpl.getDancers(FileReaderImpl.java:29)
	at aorlov.RunClass.main(RunClass.java:39)
	at sun.reflect.NativeMethodAccessorImpl.invoke0(Native Method)
	at sun.reflect.NativeMethodAccessorImpl.invoke(NativeMethodAccessorImpl.java:57)
	at sun.reflect.DelegatingMethodAccessorImpl.invoke(DelegatingMethodAccessorImpl.java:43)
	at java.lang.reflect.Method.invoke(Method.java:601)
	at com.intellij.rt.execution.application.AppMain.main(AppMain.java:120)
02:24:03,597  INFO RunClass:48 - fuck up
java.lang.NullPointerException
	at aorlov.RunClass.main(RunClass.java:44)
	at sun.reflect.NativeMethodAccessorImpl.invoke0(Native Method)
	at sun.reflect.NativeMethodAccessorImpl.invoke(NativeMethodAccessorImpl.java:57)
	at sun.reflect.DelegatingMethodAccessorImpl.invoke(DelegatingMethodAccessorImpl.java:43)
	at java.lang.reflect.Method.invoke(Method.java:601)
	at com.intellij.rt.execution.application.AppMain.main(AppMain.java:120)
02:25:08,626  INFO RunClass:48 - fuck up
java.lang.NullPointerException
	at aorlov.RunClass.main(RunClass.java:44)
	at sun.reflect.NativeMethodAccessorImpl.invoke0(Native Method)
	at sun.reflect.NativeMethodAccessorImpl.invoke(NativeMethodAccessorImpl.java:57)
	at sun.reflect.DelegatingMethodAccessorImpl.invoke(DelegatingMethodAccessorImpl.java:43)
	at java.lang.reflect.Method.invoke(Method.java:601)
	at com.intellij.rt.execution.application.AppMain.main(AppMain.java:120)
02:26:44,222  INFO RunClass:44 - Personal Code [1]Name [Константин]Last name [Мордасов]Family name [null]Gender [M]Current Class [B]club [самост.]Reg.Date [Mon Jan 01 00:00:00 MSK 2001]
02:26:44,222  INFO RunClass:44 - Personal Code [4]Name [Михаил]Last name [Жиров]Family name [null]Gender [M]Current Class [B]club [В-12]Reg.Date [Mon Jan 01 00:00:00 MSK 2001]
02:26:44,223  INFO RunClass:44 - Personal Code [16]Name [Кирилл]Last name [Басургин]Family name [null]Gender [M]Current Class [B]club [N-Club]Reg.Date [Mon Jan 01 00:00:00 MSK 2001]
02:26:44,223  INFO RunClass:44 - Personal Code [28]Name [Леонид]Last name [Пантелеев]Family name [Игоревич]Gender [M]Current Class [A]club [Остров,Vesta]Reg.Date [Mon Jan 01 00:00:00 MSK 2001]
02:26:44,223  INFO RunClass:44 - Personal Code [41]Name [Артём]Last name [Вишенин]Family name [Александрович]Gender [M]Current Class [A]club [Reverie Dance]Reg.Date [Mon Jan 01 00:00:00 MSK 2001]
02:26:44,223  INFO RunClass:44 - Personal Code [51]Name [Евгений]Last name [Васильев]Family name [null]Gender [M]Current Class [C]club [Экспромт]Reg.Date [Mon Jan 01 00:00:00 MSK 2001]
02:26:44,223  INFO RunClass:44 - Personal Code [55]Name [Максим]Last name [Пантелеев]Family name [null]Gender [M]Current Class [C]club [самост.]Reg.Date [Mon Jan 01 00:00:00 MSK 2001]
02:26:44,224  INFO RunClass:44 - Personal Code [71]Name [Евгений]Last name [Галактионов]Family name [null]Gender [M]Current Class [C]club [N-Club]Reg.Date [Mon Jan 01 00:00:00 MSK 2001]
02:26:44,225  INFO RunClass:44 - Personal Code [75]Name [Пётр]Last name [Базанов]Family name [null]Gender [M]Current Class [C]club [Центральный]Reg.Date [Mon Jan 01 00:00:00 MSK 2001]
02:26:44,225  INFO RunClass:44 - Personal Code [76]Name [Евгений]Last name [Данилов]Family name [Андреевич]Gender [M]Current Class [A]club [Nova Dance Studio]Reg.Date [Mon Jan 01 00:00:00 MSK 2001]
02:26:44,225  INFO RunClass:44 - Personal Code [78]Name [Андрей]Last name [Коньков]Family name [Николаевич]Gender [M]Current Class [A]club [Движение]Reg.Date [Mon Jan 01 00:00:00 MSK 2001]
02:26:44,225  INFO RunClass:44 - Personal Code [81]Name [Алексей]Last name [Чернов]Family name [null]Gender [M]Current Class [C]club [ДАРР (г.Иваново)]Reg.Date [Mon Jan 01 00:00:00 MSK 2001]
